<?xml version="1.0" encoding="UTF-8"?>
<!-- Generated by org.testng.reporters.JUnitReportReporter -->
<testsuite hostname="DESKTOP-B0P8559" failures="0" tests="1" name="testcases.TC_001_AccountRegistration" time="8.510" errors="0" timestamp="2022-07-10T14:28:54 IST" skipped="0">
  <testcase classname="testcases.TC_001_AccountRegistration" name="testregistration" time="8.510"/>
  <system-out/>
</testsuite> <!-- testcases.TC_001_AccountRegistration -->
