<?xml version="1.0" encoding="UTF-8"?>
<!-- Generated by org.testng.reporters.JUnitReportReporter -->
<testsuite hostname="DESKTOP-B0P8559" failures="0" tests="1" name="day1.Logintest" time="57.804" errors="0" timestamp="2022-06-28T15:51:48 IST" skipped="0">
  <testcase classname="day1.Logintest" name="login" time="57.804"/>
  <system-out/>
</testsuite> <!-- day1.Logintest -->
