<?xml version="1.0" encoding="UTF-8"?>
<!-- Generated by org.testng.reporters.JUnitReportReporter -->
<testsuite skipped="0" hostname="DESKTOP-B0P8559" name="testcases.TC_001_AccountRegistration" tests="1" failures="0" timestamp="2022-07-10T15:45:35 IST" time="7.425" errors="0">
  <testcase name="testregistration" time="7.425" classname="testcases.TC_001_AccountRegistration"/>
  <system-out/>
</testsuite> <!-- testcases.TC_001_AccountRegistration -->
